# JRE version: Java(TM) SE Runtime Environment (21.0.6+8) (build 21.0.6+8-LTS-188)
# Java VM: Java HotSpot(TM) 64-Bit Server VM (21.0.6+8-LTS-188, mixed mode, emulated-client, sharing, tiered, compressed oops, compressed class ptrs, g1 gc, windows-amd64)
GC Precious Log:
 CardTable entry size: 512
 Card Set container configuration: InlinePtr #cards 5 size 8 Array Of Cards #cards 12 size 40 Howl #buckets 4 coarsen threshold 1843 Howl Bitmap #cards 512 size 80 coarsen threshold 460 Card regions per heap region 1 cards per card region 2048
 CPUs: 4 total, 4 available
 Memory: 8071M
 Large Page Support: Disabled
 NUMA Support: Disabled
 Compressed Oops: Enabled (32-bit)
 Heap Region Size: 1M
 Heap Min Capacity: 8M
 Heap Initial Capacity: 128M
 Heap Max Capacity: 2018M
 Pre-touch: Disabled
 Parallel Workers: 4
 Concurrent Workers: 1
 Concurrent Refinement Workers: 4
 Periodic GC: Disabled
Heap:
 garbage-first heap   total 45056K, used 27002K [0x0000000081e00000, 0x0000000100000000)
  region size 1024K, 15 young (15360K), 3 survivors (3072K)
 Metaspace       used 29418K, committed 30016K, reserved 1114112K
  class space    used 4006K, committed 4288K, reserved 1048576K
GC Heap History (10 events):
Event: 1.669 GC heap before
{Heap before GC invocations=0 (full 0):
 garbage-first heap   total 131072K, used 12288K [0x0000000081e00000, 0x0000000100000000)
  region size 1024K, 13 young (13312K), 0 survivors (0K)
 Metaspace       used 5230K, committed 5440K, reserved 1114112K
  class space    used 601K, committed 704K, reserved 1048576K
}
Event: 1.688 GC heap after
{Heap after GC invocations=1 (full 0):
 garbage-first heap   total 131072K, used 4607K [0x0000000081e00000, 0x0000000100000000)
  region size 1024K, 2 young (2048K), 2 survivors (2048K)
 Metaspace       used 5230K, committed 5440K, reserved 1114112K
  class space    used 601K, committed 704K, reserved 1048576K
}
Event: 3.806 GC heap before
{Heap before GC invocations=1 (full 0):
 garbage-first heap   total 131072K, used 18943K [0x0000000081e00000, 0x0000000100000000)
  region size 1024K, 16 young (16384K), 2 survivors (2048K)
 Metaspace       used 8786K, committed 9088K, reserved 1114112K
  class space    used 1089K, committed 1216K, reserved 1048576K
}
Event: 3.811 GC heap after
{Heap after GC invocations=2 (full 0):
 garbage-first heap   total 131072K, used 6091K [0x0000000081e00000, 0x0000000100000000)
  region size 1024K, 2 young (2048K), 2 survivors (2048K)
 Metaspace       used 8786K, committed 9088K, reserved 1114112K
  class space    used 1089K, committed 1216K, reserved 1048576K
}
Event: 6.447 GC heap before
{Heap before GC invocations=2 (full 0):
 garbage-first heap   total 131072K, used 71627K [0x0000000081e00000, 0x0000000100000000)
  region size 1024K, 68 young (69632K), 2 survivors (2048K)
 Metaspace       used 20998K, committed 21504K, reserved 1114112K
  class space    used 2820K, committed 3072K, reserved 1048576K
}
Event: 6.459 GC heap after
{Heap after GC invocations=3 (full 0):
 garbage-first heap   total 131072K, used 11125K [0x0000000081e00000, 0x0000000100000000)
  region size 1024K, 6 young (6144K), 6 survivors (6144K)
 Metaspace       used 20998K, committed 21504K, reserved 1114112K
  class space    used 2820K, committed 3072K, reserved 1048576K
}
Event: 7.404 GC heap before
{Heap before GC invocations=4 (full 0):
 garbage-first heap   total 45056K, used 30581K [0x0000000081e00000, 0x0000000100000000)
  region size 1024K, 26 young (26624K), 6 survivors (6144K)
 Metaspace       used 23897K, committed 24448K, reserved 1114112K
  class space    used 3287K, committed 3520K, reserved 1048576K
}
Event: 7.419 GC heap after
{Heap after GC invocations=5 (full 0):
 garbage-first heap   total 45056K, used 13407K [0x0000000081e00000, 0x0000000100000000)
  region size 1024K, 3 young (3072K), 3 survivors (3072K)
 Metaspace       used 23897K, committed 24448K, reserved 1114112K
  class space    used 3287K, committed 3520K, reserved 1048576K
}
Event: 8.321 GC heap before
{Heap before GC invocations=5 (full 0):
 garbage-first heap   total 45056K, used 33887K [0x0000000081e00000, 0x0000000100000000)
  region size 1024K, 23 young (23552K), 3 survivors (3072K)
 Metaspace       used 27528K, committed 28224K, reserved 1114112K
  class space    used 3727K, committed 4032K, reserved 1048576K
}
Event: 8.328 GC heap after
{Heap after GC invocations=6 (full 0):
 garbage-first heap   total 45056K, used 15738K [0x0000000081e00000, 0x0000000100000000)
  region size 1024K, 3 young (3072K), 3 survivors (3072K)
 Metaspace       used 27528K, committed 28224K, reserved 1114112K
  class space    used 3727K, committed 4032K, reserved 1048576K
}

